<?xml version="1.0" encoding="UTF-8"?>
<!-- Generated by org.testng.reporters.JUnitReportReporter -->
<testsuite skipped="0" hostname="DRCA30" name="test_drcom_hub1.LiveEcommerce.git.testTestCase1" tests="1" failures="0" timestamp="17 Aug 2017 06:30:04 GMT" time="19.407" errors="0">
  <testcase name="verifyItemByName" time="19.407" classname="test_drcom_hub1.LiveEcommerce.git.testTestCase1"/>
</testsuite> <!-- test_drcom_hub1.LiveEcommerce.git.testTestCase1 -->
