<?xml version="1.0" encoding="UTF-8"?>
<!-- Generated by org.testng.reporters.JUnitReportReporter -->
<testsuite skipped="0" hostname="DRCA30" name="test_drcom_hub1.LiveEcommerce.git.testTestCaseExtra2" tests="1" failures="0" timestamp="25 Aug 2017 07:16:31 GMT" time="42.077" errors="0">
  <testcase name="verifyReviewMechanism" time="42.077" classname="test_drcom_hub1.LiveEcommerce.git.testTestCaseExtra2"/>
</testsuite> <!-- test_drcom_hub1.LiveEcommerce.git.testTestCaseExtra2 -->
