<?xml version="1.0" encoding="UTF-8"?>
<!-- Generated by org.testng.reporters.JUnitReportReporter -->
<testsuite skipped="0" hostname="DRCA30" name="test_drcom_hub1.LiveEcommerce.git.testTestCase2" tests="1" failures="0" timestamp="17 Aug 2017 07:59:35 GMT" time="38.450" errors="0">
  <testcase name="verifyCostOfProduct" time="38.450" classname="test_drcom_hub1.LiveEcommerce.git.testTestCase2"/>
</testsuite> <!-- test_drcom_hub1.LiveEcommerce.git.testTestCase2 -->
