<?xml version="1.0" encoding="UTF-8"?>
<!-- Generated by org.testng.reporters.JUnitReportReporter -->
<testsuite skipped="0" hostname="DRCA30" name="test_drcom_hub1.LiveEcommerce.git.testTestCase4" tests="1" failures="0" timestamp="18 Aug 2017 06:33:56 GMT" time="18.300" errors="0">
  <testcase name="verifyComparePopup" time="18.300" classname="test_drcom_hub1.LiveEcommerce.git.testTestCase4"/>
</testsuite> <!-- test_drcom_hub1.LiveEcommerce.git.testTestCase4 -->
