<?xml version="1.0" encoding="UTF-8"?>
<!-- Generated by org.testng.reporters.JUnitReportReporter -->
<testsuite skipped="0" hostname="DRCA30" name="test_drcom_hub1.LiveEcommerce.git.testTestCase5" tests="4" failures="0" timestamp="22 Aug 2017 09:49:51 GMT" time="70.809" errors="0">
  <testcase name="verifyComparePopup" time="9.855" classname="test_drcom_hub1.LiveEcommerce.git.testTestCase5"/>
  <testcase name="verifyLogOut" time="9.871" classname="test_drcom_hub1.LiveEcommerce.git.testTestCase5"/>
  <testcase name="verifyPurchaseProduct" time="39.055" classname="test_drcom_hub1.LiveEcommerce.git.testTestCase5"/>
  <testcase name="verifyOrderPdfFile" time="12.028" classname="test_drcom_hub1.LiveEcommerce.git.testTestCase5"/>
</testsuite> <!-- test_drcom_hub1.LiveEcommerce.git.testTestCase5 -->
