<?xml version="1.0" encoding="UTF-8"?>
<!-- Generated by org.testng.reporters.JUnitReportReporter -->
<testsuite skipped="0" hostname="DRCA30" name="test_drcom_hub1.LiveEcommerce.git.testTestCaseExtra4" tests="1" failures="0" timestamp="29 Aug 2017 07:40:42 GMT" time="11.599" errors="0">
  <testcase name="verifyAdvancedSearch" time="11.599" classname="test_drcom_hub1.LiveEcommerce.git.testTestCaseExtra4"/>
</testsuite> <!-- test_drcom_hub1.LiveEcommerce.git.testTestCaseExtra4 -->
