<?xml version="1.0" encoding="UTF-8"?>
<!-- Generated by org.testng.reporters.JUnitReportReporter -->
<testsuite skipped="0" hostname="DRCA30" name="test_drcom_hub1.LiveEcommerce.git.testTestCaseExtra3" tests="2" failures="0" timestamp="29 Aug 2017 04:25:17 GMT" time="61.132" errors="0">
  <testcase name="verifySortDesc" time="27.123" classname="test_drcom_hub1.LiveEcommerce.git.testTestCaseExtra3"/>
  <testcase name="verifySortAsc" time="34.009" classname="test_drcom_hub1.LiveEcommerce.git.testTestCaseExtra3"/>
</testsuite> <!-- test_drcom_hub1.LiveEcommerce.git.testTestCaseExtra3 -->
