<?xml version="1.0" encoding="UTF-8"?>
<!-- Generated by org.testng.reporters.JUnitReportReporter -->
<testsuite skipped="0" hostname="DRCA30" name="test_drcom_hub1.LiveEcommerce.git.testTestCaseExtra1" tests="1" failures="0" timestamp="24 Aug 2017 07:38:02 GMT" time="28.677" errors="0">
  <testcase name="verifyInvoiceCanBePrinted" time="28.677" classname="test_drcom_hub1.LiveEcommerce.git.testTestCaseExtra1"/>
</testsuite> <!-- test_drcom_hub1.LiveEcommerce.git.testTestCaseExtra1 -->
