<?xml version="1.0" encoding="UTF-8"?>
<!-- Generated by org.testng.reporters.JUnitReportReporter -->
<testsuite skipped="0" hostname="DRCA30" name="test_drcom_hub1.LiveEcommerce.git.testTestCase3" tests="1" failures="0" timestamp="18 Aug 2017 03:16:14 GMT" time="19.266" errors="0">
  <testcase name="verifyItemOfCart" time="19.266" classname="test_drcom_hub1.LiveEcommerce.git.testTestCase3"/>
</testsuite> <!-- test_drcom_hub1.LiveEcommerce.git.testTestCase3 -->
